
> svelte-lib-test-rp@0.0.8 build-storybook
> storybook build --output-dir C:\Users\user\AppData\Local\Temp\chromatic--22840-NVsu51l7pzRL

@storybook/cli v7.4.2

info => Cleaning outputDir: C:\Users\user\AppData\Local\Temp\chromatic--22840-NVsu51l7pzRL
info => Loading presets
info => Building manager..
info => Manager built (121 ms)
info => Copying static files: C:\Users\user\Documents\GitHub\bkp\svelte-NPM-test\node_modules\@storybook\manager\static at C:\Users\user\AppData\Local\Temp\chromatic--22840-NVsu51l7pzRL\sb-common-assets

[36mvite v4.4.9 [32mbuilding for production...[36m[39m

./sb-common-assets/fonts.css doesn't exist at build time, it will remain unchanged to be resolved at runtime
transforming...
node_modules/telejson/dist/index.mjs (1413:15) Use of eval in "node_modules/telejson/dist/index.mjs" is strongly discouraged as it poses security risks and may cause issues with minification.
node_modules/telejson/dist/index.mjs (1416:18) Use of eval in "node_modules/telejson/dist/index.mjs" is strongly discouraged as it poses security risks and may cause issues with minification.
[32m✓[39m 1281 modules transformed.
rendering chunks...
computing gzip size...
[2m../../../../AppData/Local/Temp/chromatic--22840-NVsu51l7pzRL/[22m[32massets/youtube-9f26eb0b.svg                         [39m[1m[2m  0.72 kB[22m[1m[22m[2m │ gzip:   0.36 kB[22m
[2m../../../../AppData/Local/Temp/chromatic--22840-NVsu51l7pzRL/[22m[32massets/tutorials-adff6365.svg                       [39m[1m[2m  1.27 kB[22m[1m[22m[2m │ gzip:   0.63 kB[22m
[2m../../../../AppData/Local/Temp/chromatic--22840-NVsu51l7pzRL/[22m[32massets/discord-f7d1b78c.svg                         [39m[1m[2m  2.41 kB[22m[1m[22m[2m │ gzip:   1.15 kB[22m
[2m../../../../AppData/Local/Temp/chromatic--22840-NVsu51l7pzRL/[22m[32massets/github-cdfc3270.svg                          [39m[1m[2m  2.72 kB[22m[1m[22m[2m │ gzip:   1.28 kB[22m
[2m../../../../AppData/Local/Temp/chromatic--22840-NVsu51l7pzRL/[22m[32massets/context-c612d889.png                         [39m[1m[2m  6.12 kB[22m[1m[22m
[2m../../../../AppData/Local/Temp/chromatic--22840-NVsu51l7pzRL/[22m[32massets/styling-c83082e0.png                         [39m[1m[2m  7.24 kB[22m[1m[22m
[2m../../../../AppData/Local/Temp/chromatic--22840-NVsu51l7pzRL/[22m[32miframe.html                                         [39m[1m[2m 12.75 kB[22m[1m[22m[2m │ gzip:   3.57 kB[22m
[2m../../../../AppData/Local/Temp/chromatic--22840-NVsu51l7pzRL/[22m[32massets/docs-5b0c7100.png                            [39m[1m[2m 27.88 kB[22m[1m[22m
[2m../../../../AppData/Local/Temp/chromatic--22840-NVsu51l7pzRL/[22m[32massets/share-b59d6c77.png                           [39m[1m[2m 40.77 kB[22m[1m[22m
[2m../../../../AppData/Local/Temp/chromatic--22840-NVsu51l7pzRL/[22m[32massets/accessibility-cd6d60f7.png                   [39m[1m[2m 42.34 kB[22m[1m[22m
[2m../../../../AppData/Local/Temp/chromatic--22840-NVsu51l7pzRL/[22m[32massets/figma-plugin-b0a5ad2d.png                    [39m[1m[2m 44.25 kB[22m[1m[22m
[2m../../../../AppData/Local/Temp/chromatic--22840-NVsu51l7pzRL/[22m[32massets/theming-b6e819c3.png                         [39m[1m[2m 44.37 kB[22m[1m[22m
[2m../../../../AppData/Local/Temp/chromatic--22840-NVsu51l7pzRL/[22m[32massets/testing-6a59f681.png                         [39m[1m[2m 49.31 kB[22m[1m[22m
[2m../../../../AppData/Local/Temp/chromatic--22840-NVsu51l7pzRL/[22m[32massets/addon-library-bc7ba705.png                   [39m[1m[2m467.37 kB[22m[1m[22m
[2m../../../../AppData/Local/Temp/chromatic--22840-NVsu51l7pzRL/[22m[35massets/Header-a6911580.css                          [39m[1m[2m  0.51 kB[22m[1m[22m[2m │ gzip:   0.31 kB[22m
[2m../../../../AppData/Local/Temp/chromatic--22840-NVsu51l7pzRL/[22m[35massets/Button-bc1a867b.css                          [39m[1m[2m  0.52 kB[22m[1m[22m[2m │ gzip:   0.29 kB[22m
[2m../../../../AppData/Local/Temp/chromatic--22840-NVsu51l7pzRL/[22m[35massets/Page.stories-ece1482a.css                    [39m[1m[2m  0.93 kB[22m[1m[22m[2m │ gzip:   0.39 kB[22m
[2m../../../../AppData/Local/Temp/chromatic--22840-NVsu51l7pzRL/[22m[36massets/preview-1e5c59db.js                          [39m[1m[2m  0.19 kB[22m[1m[22m[2m │ gzip:   0.19 kB[22m[2m │ map:     0.60 kB[22m
[2m../../../../AppData/Local/Temp/chromatic--22840-NVsu51l7pzRL/[22m[36massets/WithTooltip-J57HCPYA-5f63fa1a.js             [39m[1m[2m  0.37 kB[22m[1m[22m[2m │ gzip:   0.24 kB[22m[2m │ map:     0.11 kB[22m
[2m../../../../AppData/Local/Temp/chromatic--22840-NVsu51l7pzRL/[22m[36massets/syntaxhighlighter-PONEFOSF-d6ac2f32.js       [39m[1m[2m  0.38 kB[22m[1m[22m[2m │ gzip:   0.26 kB[22m[2m │ map:     0.12 kB[22m
[2m../../../../AppData/Local/Temp/chromatic--22840-NVsu51l7pzRL/[22m[36massets/index-bf08c810.js                            [39m[1m[2m  0.40 kB[22m[1m[22m[2m │ gzip:   0.26 kB[22m[2m │ map:     0.10 kB[22m
[2m../../../../AppData/Local/Temp/chromatic--22840-NVsu51l7pzRL/[22m[36massets/preview-cf3dbe14.js                          [39m[1m[2m  0.47 kB[22m[1m[22m[2m │ gzip:   0.31 kB[22m[2m │ map:     0.52 kB[22m
[2m../../../../AppData/Local/Temp/chromatic--22840-NVsu51l7pzRL/[22m[36massets/index-2858353d.js                            [39m[1m[2m  0.53 kB[22m[1m[22m[2m │ gzip:   0.34 kB[22m[2m │ map:     4.27 kB[22m
[2m../../../../AppData/Local/Temp/chromatic--22840-NVsu51l7pzRL/[22m[36massets/preview-87eac49b.js                          [39m[1m[2m  0.68 kB[22m[1m[22m[2m │ gzip:   0.48 kB[22m[2m │ map:     3.89 kB[22m
[2m../../../../AppData/Local/Temp/chromatic--22840-NVsu51l7pzRL/[22m[36massets/_commonjsHelpers-de833af9.js                 [39m[1m[2m  0.75 kB[22m[1m[22m[2m │ gzip:   0.43 kB[22m[2m │ map:     0.11 kB[22m
[2m../../../../AppData/Local/Temp/chromatic--22840-NVsu51l7pzRL/[22m[36massets/index-356e4a49.js                            [39m[1m[2m  0.81 kB[22m[1m[22m[2m │ gzip:   0.51 kB[22m[2m │ map:     3.26 kB[22m
[2m../../../../AppData/Local/Temp/chromatic--22840-NVsu51l7pzRL/[22m[36massets/Header.stories-83f4a99f.js                   [39m[1m[2m  0.82 kB[22m[1m[22m[2m │ gzip:   0.44 kB[22m[2m │ map:     0.11 kB[22m
[2m../../../../AppData/Local/Temp/chromatic--22840-NVsu51l7pzRL/[22m[36massets/preview-b3c37142.js                          [39m[1m[2m  0.90 kB[22m[1m[22m[2m │ gzip:   0.59 kB[22m[2m │ map:     2.96 kB[22m
[2m../../../../AppData/Local/Temp/chromatic--22840-NVsu51l7pzRL/[22m[36massets/Button.stories-8901a9fc.js                   [39m[1m[2m  1.51 kB[22m[1m[22m[2m │ gzip:   0.58 kB[22m[2m │ map:     0.13 kB[22m
[2m../../../../AppData/Local/Temp/chromatic--22840-NVsu51l7pzRL/[22m[36massets/DocsRenderer-3PUGWF3O-eac9bace.js            [39m[1m[2m  1.70 kB[22m[1m[22m[2m │ gzip:   0.86 kB[22m[2m │ map:     5.01 kB[22m
[2m../../../../AppData/Local/Temp/chromatic--22840-NVsu51l7pzRL/[22m[36massets/Button-0214dfcb.js                           [39m[1m[2m  2.18 kB[22m[1m[22m[2m │ gzip:   0.98 kB[22m[2m │ map:     1.53 kB[22m
[2m../../../../AppData/Local/Temp/chromatic--22840-NVsu51l7pzRL/[22m[36massets/preview-bed967c6.js                          [39m[1m[2m  2.38 kB[22m[1m[22m[2m │ gzip:   1.24 kB[22m[2m │ map:    10.95 kB[22m
[2m../../../../AppData/Local/Temp/chromatic--22840-NVsu51l7pzRL/[22m[36massets/index-d37d4223.js                            [39m[1m[2m  2.63 kB[22m[1m[22m[2m │ gzip:   1.30 kB[22m[2m │ map:     7.47 kB[22m
[2m../../../../AppData/Local/Temp/chromatic--22840-NVsu51l7pzRL/[22m[36massets/preview-15309724.js                          [39m[1m[2m  3.22 kB[22m[1m[22m[2m │ gzip:   1.39 kB[22m[2m │ map:    10.23 kB[22m
[2m../../../../AppData/Local/Temp/chromatic--22840-NVsu51l7pzRL/[22m[36massets/Header-7153281e.js                           [39m[1m[2m  3.34 kB[22m[1m[22m[2m │ gzip:   1.64 kB[22m[2m │ map:     2.59 kB[22m
[2m../../../../AppData/Local/Temp/chromatic--22840-NVsu51l7pzRL/[22m[36massets/iframe-a2420b70.js                           [39m[1m[2m  4.43 kB[22m[1m[22m[2m │ gzip:   1.66 kB[22m[2m │ map:     5.45 kB[22m
[2m../../../../AppData/Local/Temp/chromatic--22840-NVsu51l7pzRL/[22m[36massets/index-8bb8d4e8.js                            [39m[1m[2m  7.02 kB[22m[1m[22m[2m │ gzip:   2.92 kB[22m[2m │ map:    91.29 kB[22m
[2m../../../../AppData/Local/Temp/chromatic--22840-NVsu51l7pzRL/[22m[36massets/preview-b8d6c68d.js                          [39m[1m[2m  7.67 kB[22m[1m[22m[2m │ gzip:   1.59 kB[22m[2m │ map:    14.22 kB[22m
[2m../../../../AppData/Local/Temp/chromatic--22840-NVsu51l7pzRL/[22m[36massets/preview-2059b184.js                          [39m[1m[2m  8.32 kB[22m[1m[22m[2m │ gzip:   3.20 kB[22m[2m │ map:    29.42 kB[22m
[2m../../../../AppData/Local/Temp/chromatic--22840-NVsu51l7pzRL/[22m[36massets/config-2fb8ed16.js                           [39m[1m[2m 10.78 kB[22m[1m[22m[2m │ gzip:   3.87 kB[22m[2m │ map:    19.80 kB[22m
[2m../../../../AppData/Local/Temp/chromatic--22840-NVsu51l7pzRL/[22m[36massets/GlobalScrollAreaStyles-UY5SB7EJ-65ec7dbb.js  [39m[1m[2m 14.96 kB[22m[1m[22m[2m │ gzip:   2.77 kB[22m[2m │ map:    21.41 kB[22m
[2m../../../../AppData/Local/Temp/chromatic--22840-NVsu51l7pzRL/[22m[36massets/Configure-c89b73cf.js                        [39m[1m[2m 18.23 kB[22m[1m[22m[2m │ gzip:   8.22 kB[22m[2m │ map:    29.18 kB[22m
[2m../../../../AppData/Local/Temp/chromatic--22840-NVsu51l7pzRL/[22m[36massets/preview-6751e51d.js                          [39m[1m[2m 21.12 kB[22m[1m[22m[2m │ gzip:   7.00 kB[22m[2m │ map:    68.34 kB[22m
[2m../../../../AppData/Local/Temp/chromatic--22840-NVsu51l7pzRL/[22m[36massets/OverlayScrollbars-GZGLA7DL-bcb2e3dd.js       [39m[1m[2m 29.10 kB[22m[1m[22m[2m │ gzip:  14.27 kB[22m[2m │ map:   108.14 kB[22m
[2m../../../../AppData/Local/Temp/chromatic--22840-NVsu51l7pzRL/[22m[36massets/Color-6VNJS4EI-a33c5772.js                   [39m[1m[2m 30.97 kB[22m[1m[22m[2m │ gzip:  11.62 kB[22m[2m │ map:   112.61 kB[22m
[2m../../../../AppData/Local/Temp/chromatic--22840-NVsu51l7pzRL/[22m[36massets/index-e04ae519.js                            [39m[1m[2m 64.19 kB[22m[1m[22m[2m │ gzip:  18.36 kB[22m[2m │ map:   255.13 kB[22m
[2m../../../../AppData/Local/Temp/chromatic--22840-NVsu51l7pzRL/[22m[36massets/Page.stories-aff50c88.js                     [39m[1m[2m309.79 kB[22m[1m[22m[2m │ gzip:  77.98 kB[22m[2m │ map: 1,142.57 kB[22m
[2m../../../../AppData/Local/Temp/chromatic--22840-NVsu51l7pzRL/[22m[36massets/formatter-SWP5E3XI-9acdf9e9.js               [39m[1m[33m601.56 kB[39m[22m[2m │ gzip: 185.01 kB[22m[2m │ map: 1,318.59 kB[22m
[2m../../../../AppData/Local/Temp/chromatic--22840-NVsu51l7pzRL/[22m[36massets/index-7eb46fe8.js                            [39m[1m[33m664.08 kB[39m[22m[2m │ gzip: 216.88 kB[22m[2m │ map: 1,880.91 kB[22m
[33m
(!) Some chunks are larger than 500 kBs after minification. Consider:
- Using dynamic import() to code-split the application
- Use build.rollupOptions.output.manualChunks to improve chunking: https://rollupjs.org/configuration-options/#output-manualchunks
- Adjust chunk size limit for this warning via build.chunkSizeWarningLimit.[39m
[32m✓ built in 7.15s[39m
info => Output directory: C:\Users\user\AppData\Local\Temp\chromatic--22840-NVsu51l7pzRL
